2024-12-11 07:47:27,230 - INFO - Starting the pipeline...
2024-12-11 07:47:27,230 - INFO - Running extract step...
2024-12-11 07:47:31,276 - INFO - Running transform step...
2024-12-11 07:47:31,312 - INFO - Running load step...
2024-12-11 07:47:31,483 - INFO - Pipeline completed successfully.
2024-12-11 12:59:37,575 - INFO - Starting the pipeline...
2024-12-11 12:59:37,575 - INFO - Running extract step...
2024-12-11 12:59:45,492 - INFO - Running transform step...
2024-12-11 12:59:45,532 - INFO - Running load step...
2024-12-11 12:59:45,688 - INFO - Pipeline completed successfully.
2024-12-11 15:14:03,681 - INFO - Starting the pipeline...
2024-12-11 15:14:03,681 - INFO - Running extract step...
2024-12-11 15:14:08,069 - INFO - Running transform step...
2024-12-11 15:14:08,085 - INFO - Running load step...
2024-12-11 15:14:08,178 - ERROR - Pipeline failed: Command '['python', 'load.py']' returned non-zero exit status 1.
2024-12-11 21:39:10,090 - INFO - Starting the pipeline...
2024-12-11 21:39:10,090 - INFO - Running extract step...
2024-12-11 21:39:27,231 - INFO - Running transform step...
2024-12-11 21:39:27,697 - INFO - Running load step...
2024-12-11 21:39:28,240 - INFO - Pipeline completed successfully.
2024-12-11 22:09:43,341 - INFO - Starting the pipeline...
2024-12-11 22:09:43,341 - INFO - Environment validation successful.
2024-12-11 22:09:43,341 - INFO - Running extract.py...
2024-12-11 22:09:49,844 - INFO - extract.py completed successfully.
2024-12-11 22:09:49,844 - INFO - Running transform.py...
2024-12-11 22:09:50,284 - INFO - transform.py completed successfully.
2024-12-11 22:09:50,285 - INFO - Running load.py...
2024-12-11 22:09:50,810 - INFO - load.py completed successfully.
2024-12-11 22:09:50,810 - INFO - Pipeline completed successfully.
2024-12-12 12:17:04,421 - INFO - Starting the pipeline...
2024-12-12 12:17:04,422 - INFO - Environment validation successful.
2024-12-12 12:17:04,422 - INFO - Running extract.py...
2024-12-12 12:17:09,230 - INFO - extract.py completed successfully.
2024-12-12 12:17:09,231 - INFO - Running transform.py...
2024-12-12 12:17:09,828 - INFO - transform.py completed successfully.
2024-12-12 12:17:09,828 - INFO - Running load.py...
2024-12-12 12:17:10,383 - INFO - load.py completed successfully.
2024-12-12 12:17:10,383 - INFO - Pipeline completed successfully.
