[0m10:41:20.540110 [debug] [MainThread]: Sending event: {'category': 'dbt', 'action': 'invocation', 'label': 'start', 'context': [<snowplow_tracker.self_describing_json.SelfDescribingJson object at 0x7d939eb54850>, <snowplow_tracker.self_describing_json.SelfDescribingJson object at 0x7d939eb56850>, <snowplow_tracker.self_describing_json.SelfDescribingJson object at 0x7d939eb54610>]}


============================== 10:41:20.543548 | 647d758a-2436-4c4c-9406-6a646b673a49 ==============================
[0m10:41:20.543548 [info ] [MainThread]: Running with dbt=1.9.0
[0m10:41:20.544337 [debug] [MainThread]: running dbt with arguments {'printer_width': '80', 'indirect_selection': 'eager', 'log_cache_events': 'False', 'write_json': 'True', 'partial_parse': 'True', 'cache_selected_only': 'False', 'warn_error': 'None', 'fail_fast': 'False', 'debug': 'False', 'log_path': 'logs', 'profiles_dir': '/home/ubuntu1234/.dbt', 'version_check': 'True', 'use_colors': 'True', 'use_experimental_parser': 'False', 'no_print': 'None', 'quiet': 'False', 'empty': 'None', 'warn_error_options': 'WarnErrorOptions(include=[], exclude=[])', 'invocation_command': 'dbt init savana_project', 'log_format': 'default', 'introspect': 'True', 'target_path': 'None', 'static_parser': 'True', 'send_anonymous_usage_stats': 'True'}
[0m10:41:20.554017 [debug] [MainThread]: Starter project path: /home/ubuntu1234/Desktop/coding/pipeline_project/venv/lib/python3.11/site-packages/dbt/include/starter_project
[0m10:41:20.557517 [info ] [MainThread]: 
Your new dbt project "savana_project" was created!

For more information on how to configure the profiles.yml file,
please consult the dbt documentation here:

  https://docs.getdbt.com/docs/configure-your-profile

One more thing:

Need help? Don't hesitate to reach out to us via GitHub issues or on Slack:

  https://community.getdbt.com/

Happy modeling!

[0m10:41:20.558405 [info ] [MainThread]: Setting up your profile.
[0m10:43:11.757477 [info ] [MainThread]: Profile savana_project written to /home/ubuntu1234/.dbt/profiles.yml using target's profile_template.yml and your supplied values. Run 'dbt debug' to validate the connection.
[0m10:43:11.763451 [debug] [MainThread]: Resource report: {"command_name": "init", "command_success": true, "command_wall_clock_time": 111.276474, "process_in_blocks": "14968", "process_kernel_time": 0.261647, "process_mem_max_rss": "94228", "process_out_blocks": "80", "process_user_time": 1.474738}
[0m10:43:11.764614 [debug] [MainThread]: Command `dbt init` succeeded at 10:43:11.764420 after 111.28 seconds
[0m10:43:11.765198 [debug] [MainThread]: Sending event: {'category': 'dbt', 'action': 'invocation', 'label': 'end', 'context': [<snowplow_tracker.self_describing_json.SelfDescribingJson object at 0x7d939e9c39d0>, <snowplow_tracker.self_describing_json.SelfDescribingJson object at 0x7d93a2413510>, <snowplow_tracker.self_describing_json.SelfDescribingJson object at 0x7d93a235d8d0>]}
[0m10:43:11.765732 [debug] [MainThread]: Flushing usage events
[0m10:43:14.039709 [debug] [MainThread]: An error was encountered while trying to flush usage events
